\BOOKMARK [1][-]{section.1}{\376\377\000I\000m\000p\000o\000r\000t\000a\000n\000t}{}% 1
\BOOKMARK [1][-]{section.2}{\376\377\000G\000e\000n\000e\000r\000a\000l\000\040\000N\000o\000t\000e\000s}{}% 2
\BOOKMARK [1][-]{section.3}{\376\377\000L\000o\000g\000b\000o\000o\000k}{}% 3
\BOOKMARK [1][-]{section.4}{\376\377\000P\000r\000o\000c\000e\000d\000u\000r\000e\000s}{}% 4
\BOOKMARK [2][-]{subsection.4.1}{\376\377\000S\000t\000a\000r\000t\000i\000n\000g\000\040\000S\000o\000f\000t\000w\000a\000r\000e}{section.4}% 5
\BOOKMARK [2][-]{subsection.4.2}{\376\377\000P\000u\000m\000p\000\040\000o\000n\000\040\000d\000i\000l\000u\000t\000i\000o\000n\000\040\000u\000n\000i\000t}{section.4}% 6
\BOOKMARK [2][-]{subsection.4.3}{\376\377\000C\000h\000e\000c\000k\000\040\000t\000h\000e\000r\000m\000o\000m\000e\000t\000e\000r\000s\000\040\000a\000n\000d\000\040\000h\000e\000a\000t\000e\000r\000s}{section.4}% 7
\BOOKMARK [2][-]{subsection.4.4}{\376\377\000B\000u\000t\000t\000o\000n\000\040\000u\000p\000\040\000t\000h\000e\000\040\000f\000r\000i\000d\000g\000e}{section.4}% 8
\BOOKMARK [2][-]{subsection.4.5}{\376\377\000E\000v\000a\000c\000u\000a\000t\000e\000\040\000V\000a\000c\000u\000u\000m\000\040\000C\000a\000n}{section.4}% 9
\BOOKMARK [2][-]{subsection.4.6}{\376\377\000P\000r\000e\000c\000o\000o\000l\000i\000n\000g\000,\000\040\0003\0000\0000\000\040\000K\000\040\000t\000o\000\040\0004\000\040\000K}{section.4}% 10
\BOOKMARK [2][-]{subsection.4.7}{\376\377\000T\000e\000s\000t\000\040\000m\000e\000t\000h\000o\000d\000\040\000f\000o\000r\000\040\000c\000o\000o\000l\000d\000o\000w\000n}{section.4}% 11
\BOOKMARK [2][-]{subsection.4.8}{\376\377\000P\000u\000l\000s\000e\000\040\000p\000r\000e\000c\000o\000o\000l\000i\000n\000g\000,\000\040\0004\000\040\000K\000\040\000t\000o\000\040\0001\000\040\000K}{section.4}% 12
\BOOKMARK [2][-]{subsection.4.9}{\376\377\000C\000o\000n\000d\000e\000n\000s\000a\000t\000i\000o\000n\000,\000\040\0001\000\040\000K\000\040\000t\000o\000\040\000b\000a\000s\000e}{section.4}% 13
\BOOKMARK [2][-]{subsection.4.10}{\376\377\000W\000a\000r\000m\000-\000u\000p}{section.4}% 14
\BOOKMARK [2][-]{subsection.4.11}{\376\377\000C\000l\000e\000a\000n\000\040\000E\000x\000t\000e\000r\000n\000a\000l\000\040\000T\000r\000a\000p}{section.4}% 15
\BOOKMARK [2][-]{subsection.4.12}{\376\377\000O\000p\000e\000n\000i\000n\000g\000\040\000t\000h\000e\000\040\000f\000r\000i\000d\000g\000e}{section.4}% 16
\BOOKMARK [1][-]{section.5}{\376\377\000U\000s\000u\000a\000l\000\040\000O\000p\000e\000r\000a\000t\000i\000n\000g\000\040\000C\000o\000n\000d\000i\000t\000i\000o\000n\000s}{}% 17
\BOOKMARK [2][-]{subsection.5.1}{\376\377\000L\000a\000m\000b\000o\000r\000g\000h\000i\000n\000i}{section.5}% 18
\BOOKMARK [2][-]{subsection.5.2}{\376\377\000P\000a\000g\000a\000n\000i}{section.5}% 19
\BOOKMARK [2][-]{subsection.5.3}{\376\377\000P\000I\000D\000\040\000s\000e\000t\000t\000i\000n\000g\000s}{section.5}% 20
\BOOKMARK [1][-]{section.6}{\376\377\000F\000r\000i\000d\000g\000e\000\040\000T\000u\000r\000n\000a\000r\000o\000u\000n\000d\000\040\000P\000e\000r\000f\000o\000r\000m\000a\000n\000c\000e}{}% 21
\BOOKMARK [1][-]{section.7}{\376\377\000G\000e\000n\000e\000r\000a\000l\000\040\000I\000n\000f\000o\000r\000m\000a\000t\000i\000o\000n}{}% 22
\BOOKMARK [1][-]{section.8}{\376\377\000P\000h\000o\000t\000o\000c\000o\000p\000y\000\040\000S\000h\000e\000e\000t\000s}{}% 23
\BOOKMARK [2][-]{subsection.8.1}{\376\377\000T\000r\000a\000p\000\040\000l\000o\000g}{section.8}% 24
