This is pdfTeX, Version 3.14159265-2.6-1.40.18 (TeX Live 2017/Debian) (preloaded format=pdflatex 2018.10.13)  26 AUG 2019 16:34
entering extended mode
 restricted \write18 enabled.
 %&-line parsing enabled.
**main.tex
(./main.tex
LaTeX2e <2017-04-15>
Babel <3.18> and hyphenation patterns for 84 language(s) loaded.
(/usr/share/texlive/texmf-dist/tex/latex/base/article.cls
Document Class: article 2014/09/29 v1.4h Standard LaTeX document class
(/usr/share/texlive/texmf-dist/tex/latex/base/size10.clo
File: size10.clo 2014/09/29 v1.4h Standard LaTeX file (size option)
)
\c@part=\count79
\c@section=\count80
\c@subsection=\count81
\c@subsubsection=\count82
\c@paragraph=\count83
\c@subparagraph=\count84
\c@figure=\count85
\c@table=\count86
\abovecaptionskip=\skip41
\belowcaptionskip=\skip42
\bibindent=\dimen102
)
(/usr/share/texlive/texmf-dist/tex/latex/siunitx/siunitx.sty
(/usr/share/texlive/texmf-dist/tex/latex/l3kernel/expl3.sty
Package: expl3 2018/02/21 L3 programming layer (loader) 

(/usr/share/texlive/texmf-dist/tex/latex/l3kernel/expl3-code.tex
Package: expl3 2018/02/21 L3 programming layer (code)
\c_max_int=\count87
\l_tmpa_int=\count88
\l_tmpb_int=\count89
\g_tmpa_int=\count90
\g_tmpb_int=\count91
\g__intarray_font_int=\count92
\g__prg_map_int=\count93
\c_log_iow=\count94
\l_iow_line_count_int=\count95
\l__iow_line_target_int=\count96
\l__iow_one_indent_int=\count97
\l__iow_indent_int=\count98
\c_zero_dim=\dimen103
\c_max_dim=\dimen104
\l_tmpa_dim=\dimen105
\l_tmpb_dim=\dimen106
\g_tmpa_dim=\dimen107
\g_tmpb_dim=\dimen108
\c_zero_skip=\skip43
\c_max_skip=\skip44
\l_tmpa_skip=\skip45
\l_tmpb_skip=\skip46
\g_tmpa_skip=\skip47
\g_tmpb_skip=\skip48
\c_zero_muskip=\muskip10
\c_max_muskip=\muskip11
\l_tmpa_muskip=\muskip12
\l_tmpb_muskip=\muskip13
\g_tmpa_muskip=\muskip14
\g_tmpb_muskip=\muskip15
\l_keys_choice_int=\count99
\c__fp_leading_shift_int=\count100
\c__fp_middle_shift_int=\count101
\c__fp_trailing_shift_int=\count102
\c__fp_big_leading_shift_int=\count103
\c__fp_big_middle_shift_int=\count104
\c__fp_big_trailing_shift_int=\count105
\c__fp_Bigg_leading_shift_int=\count106
\c__fp_Bigg_middle_shift_int=\count107
\c__fp_Bigg_trailing_shift_int=\count108
\c__fp_rand_size_int=\count109
\c__fp_rand_four_int=\count110
\c__fp_rand_eight_int=\count111
\l__sort_length_int=\count112
\l__sort_min_int=\count113
\l__sort_top_int=\count114
\l__sort_max_int=\count115
\l__sort_true_max_int=\count116
\l__sort_block_int=\count117
\l__sort_begin_int=\count118
\l__sort_end_int=\count119
\l__sort_A_int=\count120
\l__sort_B_int=\count121
\l__sort_C_int=\count122
\l__tl_build_start_index_int=\count123
\l__tl_build_index_int=\count124
\l__tl_analysis_normal_int=\count125
\l__tl_analysis_index_int=\count126
\l__tl_analysis_nesting_int=\count127
\l__tl_analysis_type_int=\count128
\l__regex_internal_a_int=\count129
\l__regex_internal_b_int=\count130
\l__regex_internal_c_int=\count131
\l__regex_balance_int=\count132
\l__regex_group_level_int=\count133
\l__regex_mode_int=\count134
\c__regex_cs_in_class_mode_int=\count135
\c__regex_cs_mode_int=\count136
\l__regex_catcodes_int=\count137
\l__regex_default_catcodes_int=\count138
\c__regex_catcode_D_int=\count139
\c__regex_catcode_S_int=\count140
\c__regex_catcode_L_int=\count141
\c__regex_catcode_O_int=\count142
\c__regex_catcode_A_int=\count143
\c__regex_all_catcodes_int=\count144
\l__regex_show_lines_int=\count145
\l__regex_min_state_int=\count146
\l__regex_max_state_int=\count147
\l__regex_left_state_int=\count148
\l__regex_right_state_int=\count149
\l__regex_capturing_group_int=\count150
\l__regex_min_pos_int=\count151
\l__regex_max_pos_int=\count152
\l__regex_curr_pos_int=\count153
\l__regex_start_pos_int=\count154
\l__regex_success_pos_int=\count155
\l__regex_curr_char_int=\count156
\l__regex_curr_catcode_int=\count157
\l__regex_last_char_int=\count158
\l__regex_case_changed_char_int=\count159
\l__regex_curr_state_int=\count160
\l__regex_step_int=\count161
\l__regex_min_active_int=\count162
\l__regex_max_active_int=\count163
\l__regex_replacement_csnames_int=\count164
\l__regex_match_count_int=\count165
\l__regex_min_submatch_int=\count166
\l__regex_submatch_int=\count167
\l__regex_zeroth_submatch_int=\count168
\g__regex_trace_regex_int=\count169
\c_empty_box=\box26
\l_tmpa_box=\box27
\l_tmpb_box=\box28
\g_tmpa_box=\box29
\g_tmpb_box=\box30
\l__box_top_dim=\dimen109
\l__box_bottom_dim=\dimen110
\l__box_left_dim=\dimen111
\l__box_right_dim=\dimen112
\l__box_top_new_dim=\dimen113
\l__box_bottom_new_dim=\dimen114
\l__box_left_new_dim=\dimen115
\l__box_right_new_dim=\dimen116
\l__box_internal_box=\box31
\l__coffin_internal_box=\box32
\l__coffin_internal_dim=\dimen117
\l__coffin_offset_x_dim=\dimen118
\l__coffin_offset_y_dim=\dimen119
\l__coffin_x_dim=\dimen120
\l__coffin_y_dim=\dimen121
\l__coffin_x_prime_dim=\dimen122
\l__coffin_y_prime_dim=\dimen123
\c_empty_coffin=\box33
\l__coffin_aligned_coffin=\box34
\l__coffin_aligned_internal_coffin=\box35
\l_tmpa_coffin=\box36
\l_tmpb_coffin=\box37
\l__coffin_display_coffin=\box38
\l__coffin_display_coord_coffin=\box39
\l__coffin_display_pole_coffin=\box40
\l__coffin_display_offset_dim=\dimen124
\l__coffin_display_x_dim=\dimen125
\l__coffin_display_y_dim=\dimen126
\l__coffin_bounding_shift_dim=\dimen127
\l__coffin_left_corner_dim=\dimen128
\l__coffin_right_corner_dim=\dimen129
\l__coffin_bottom_corner_dim=\dimen130
\l__coffin_top_corner_dim=\dimen131
\l__coffin_scaled_total_height_dim=\dimen132
\l__coffin_scaled_width_dim=\dimen133
)
(/usr/share/texlive/texmf-dist/tex/latex/l3kernel/l3pdfmode.def
File: l3pdfmode.def 2017/03/18 v L3 Experimental driver: PDF mode
\l__driver_color_stack_int=\count170
\l__driver_tmp_box=\box41
))
(/usr/share/texlive/texmf-dist/tex/latex/l3packages/xparse/xparse.sty
Package: xparse 2018/02/21 L3 Experimental document command parser
\l__xparse_current_arg_int=\count171
\g__xparse_grabber_int=\count172
\l__xparse_m_args_int=\count173
\l__xparse_mandatory_args_int=\count174
\l__xparse_v_nesting_int=\count175
)
Package: siunitx 2017/11/26 v2.7k A comprehensive (SI) units package

(/usr/share/texlive/texmf-dist/tex/latex/amsmath/amstext.sty
Package: amstext 2000/06/29 v2.01 AMS text

(/usr/share/texlive/texmf-dist/tex/latex/amsmath/amsgen.sty
File: amsgen.sty 1999/11/30 v2.0 generic functions
\@emptytoks=\toks14
\ex@=\dimen134
))
(/usr/share/texlive/texmf-dist/tex/latex/tools/array.sty
Package: array 2016/10/06 v2.4d Tabular extension package (FMi)
\col@sep=\dimen135
\extrarowheight=\dimen136
\NC@list=\toks15
\extratabsurround=\skip49
\backup@length=\skip50
)
(/usr/share/texlive/texmf-dist/tex/latex/l3packages/l3keys2e/l3keys2e.sty
Package: l3keys2e 2018/02/21 LaTeX2e option processing using LaTeX3 keys
)
\l__siunitx_tmp_box=\box42
\l__siunitx_tmp_dim=\dimen137
\l__siunitx_tmp_int=\count176
\l__siunitx_number_mantissa_length_int=\count177
\l__siunitx_number_uncert_length_int=\count178
\l__siunitx_round_int=\count179
\l__siunitx_process_decimal_int=\count180
\l__siunitx_process_uncertainty_int=\count181
\l__siunitx_process_fixed_int=\count182
\l__siunitx_process_integer_min_int=\count183
\l__siunitx_process_precision_int=\count184
\l__siunitx_group_min_int=\count185
\l__siunitx_angle_marker_box=\box43
\l__siunitx_angle_unit_box=\box44
\l__siunitx_angle_marker_dim=\dimen138
\l__siunitx_angle_unit_dim=\dimen139
\l__siunitx_unit_int=\count186
\l__siunitx_unit_denominator_int=\count187
\l__siunitx_unit_numerator_int=\count188
\l__siunitx_unit_prefix_int=\count189
\l__siunitx_unit_prefix_base_int=\count190
\l__siunitx_unit_prefix_gram_int=\count191
\l__siunitx_number_product_int=\count192
\c__siunitx_one_fill_skip=\skip51
\l__siunitx_table_unit_align_skip=\skip52
\l__siunitx_table_exponent_dim=\dimen140
\l__siunitx_table_integer_dim=\dimen141
\l__siunitx_table_mantissa_dim=\dimen142
\l__siunitx_table_marker_dim=\dimen143
\l__siunitx_table_result_dim=\dimen144
\l__siunitx_table_uncert_dim=\dimen145
\l__siunitx_table_fill_pre_dim=\dimen146
\l__siunitx_table_fill_post_dim=\dimen147
\l__siunitx_table_fill_mid_dim=\dimen148
\l__siunitx_table_pre_box=\box45
\l__siunitx_table_post_box=\box46
\l__siunitx_table_mantissa_box=\box47
\l__siunitx_table_result_box=\box48
\l__siunitx_table_number_align_skip=\skip53
\l__siunitx_table_text_align_skip=\skip54
.................................................
. LaTeX info: "xparse/define-command"
. 
. Defining command \DeclareBinaryPrefix with sig. 'mmm' on line 7250.
.................................................
.................................................
. LaTeX info: "xparse/define-command"
. 
. Defining command \DeclareSIPostPower with sig. 'mm' on line 7253.
.................................................
.................................................
. LaTeX info: "xparse/define-command"
. 
. Defining command \DeclareSIPrefix with sig. 'mmm' on line 7256.
.................................................
.................................................
. LaTeX info: "xparse/define-command"
. 
. Defining command \DeclareSIPrePower with sig. 'mm' on line 7259.
.................................................
.................................................
. LaTeX info: "xparse/define-command"
. 
. Defining command \DeclareSIQualifier with sig. 'mm' on line 7262.
.................................................
.................................................
. LaTeX info: "xparse/define-command"
. 
. Defining command \DeclareSIUnit with sig. 'O{}mm' on line 7265.
.................................................
.................................................
. LaTeX info: "xparse/define-command"
. 
. Defining command \DeclareSIUnitWithOptions with sig. 'mmm' on line 7268.
.................................................
.................................................
. LaTeX info: "xparse/define-command"
. 
. Defining command \ang with sig. 'o>{\SplitArgument {2}{;}}m' on line 7283.
.................................................
.................................................
. LaTeX info: "xparse/define-command"
. 
. Defining command \num with sig. 'om' on line 7292.
.................................................
.................................................
. LaTeX info: "xparse/define-command"
. 
. Defining command \numlist with sig. 'o>{\SplitList {;}}m' on line 7301.
.................................................
.................................................
. LaTeX info: "xparse/define-command"
. 
. Defining command \numrange with sig. 'omm' on line 7310.
.................................................
.................................................
. LaTeX info: "xparse/define-command"
. 
. Defining command \SIlist with sig. 'o>{\SplitList {;}}mm' on line 7322.
.................................................
.................................................
. LaTeX info: "xparse/define-command"
. 
. Defining command \SIrange with sig. 'ommm' on line 7334.
.................................................
.................................................
. LaTeX info: "xparse/define-command"
. 
. Defining command \SI with sig. 'omom' on line 7346.
.................................................
.................................................
. LaTeX info: "xparse/define-command"
. 
. Defining command \sisetup with sig. 'm' on line 7349.
.................................................
.................................................
. LaTeX info: "xparse/define-command"
. 
. Defining command \tablenum with sig. 'om' on line 7364.
.................................................
.................................................
. LaTeX info: "xparse/define-command"
. 
. Defining command \si with sig. 'om' on line 7376.
.................................................
.................................................
. LaTeX info: "xparse/define-command"
. 
. Defining command \numInBookmark with sig. 'om' on line 7423.
.................................................
.................................................
. LaTeX info: "xparse/define-command"
. 
. Defining command \numrangeInBookmark with sig. 'omm' on line 7425.
.................................................
.................................................
. LaTeX info: "xparse/define-command"
. 
. Defining command \SIInBookmark with sig. 'omom' on line 7427.
.................................................
.................................................
. LaTeX info: "xparse/define-command"
. 
. Defining command \SIlistInBookmark with sig. 'omm' on line 7429.
.................................................
.................................................
. LaTeX info: "xparse/define-command"
. 
. Defining command \SIrangeInBookmark with sig. 'ommm' on line 7431.
.................................................
.................................................
. LaTeX info: "xparse/define-command"
. 
. Defining command \siInBookmark with sig. 'om' on line 7432.
.................................................
\g__file_internal_ior=\read1

(/usr/share/texlive/texmf-dist/tex/latex/translator/translator.sty
Package: translator 2018/01/04 v1.12 Easy translation of strings in LaTeX

(/usr/share/texlive/texmf-dist/tex/latex/graphics/keyval.sty
Package: keyval 2014/10/28 v1.15 key=value parser (DPC)
\KV@toks@=\toks16
)))
(/usr/share/texlive/texmf-dist/tex/latex/graphics/graphicx.sty
Package: graphicx 2017/06/01 v1.1a Enhanced LaTeX Graphics (DPC,SPQR)

(/usr/share/texlive/texmf-dist/tex/latex/graphics/graphics.sty
Package: graphics 2017/06/25 v1.2c Standard LaTeX Graphics (DPC,SPQR)

(/usr/share/texlive/texmf-dist/tex/latex/graphics/trig.sty
Package: trig 2016/01/03 v1.10 sin cos tan (DPC)
)
(/usr/share/texlive/texmf-dist/tex/latex/graphics-cfg/graphics.cfg
File: graphics.cfg 2016/06/04 v1.11 sample graphics configuration
)
Package graphics Info: Driver file: pdftex.def on input line 99.

(/usr/share/texlive/texmf-dist/tex/latex/graphics-def/pdftex.def
File: pdftex.def 2018/01/08 v1.0l Graphics/color driver for pdftex
))
\Gin@req@height=\dimen149
\Gin@req@width=\dimen150
)
(/usr/share/texlive/texmf-dist/tex/latex/xcolor/xcolor.sty
Package: xcolor 2016/05/11 v2.12 LaTeX color extensions (UK)

(/usr/share/texlive/texmf-dist/tex/latex/graphics-cfg/color.cfg
File: color.cfg 2016/01/02 v1.6 sample color configuration
)
Package xcolor Info: Driver file: pdftex.def on input line 225.
Package xcolor Info: Model `cmy' substituted by `cmy0' on input line 1348.
Package xcolor Info: Model `hsb' substituted by `rgb' on input line 1352.
Package xcolor Info: Model `RGB' extended on input line 1364.
Package xcolor Info: Model `HTML' substituted by `rgb' on input line 1366.
Package xcolor Info: Model `Hsb' substituted by `hsb' on input line 1367.
Package xcolor Info: Model `tHsb' substituted by `hsb' on input line 1368.
Package xcolor Info: Model `HSB' substituted by `hsb' on input line 1369.
Package xcolor Info: Model `Gray' substituted by `gray' on input line 1370.
Package xcolor Info: Model `wave' substituted by `hsb' on input line 1371.

(/usr/share/texlive/texmf-dist/tex/latex/xcolor/x11nam.def
File: x11nam.def 2016/05/11 v2.12 Predefined colors according to Unix/X11 (UK)
))
(/usr/share/texlive/texmf-dist/tex/latex/booktabs/booktabs.sty
Package: booktabs 2016/04/27 v1.618033 publication quality tables
\heavyrulewidth=\dimen151
\lightrulewidth=\dimen152
\cmidrulewidth=\dimen153
\belowrulesep=\dimen154
\belowbottomsep=\dimen155
\aboverulesep=\dimen156
\abovetopsep=\dimen157
\cmidrulesep=\dimen158
\cmidrulekern=\dimen159
\defaultaddspace=\dimen160
\@cmidla=\count193
\@cmidlb=\count194
\@aboverulesep=\dimen161
\@belowrulesep=\dimen162
\@thisruleclass=\count195
\@lastruleclass=\count196
\@thisrulewidth=\dimen163
)
(/usr/share/texlive/texmf-dist/tex/latex/tools/tabularx.sty
Package: tabularx 2016/02/03 v2.11 `tabularx' package (DPC)
\TX@col@width=\dimen164
\TX@old@table=\dimen165
\TX@old@col=\dimen166
\TX@target=\dimen167
\TX@delta=\dimen168
\TX@cols=\count197
\TX@ftn=\toks17
)
(/usr/share/texlive/texmf-dist/tex/latex/geometry/geometry.sty
Package: geometry 2010/09/12 v5.6 Page Geometry

(/usr/share/texlive/texmf-dist/tex/generic/oberdiek/ifpdf.sty
Package: ifpdf 2017/03/15 v3.2 Provides the ifpdf switch
)
(/usr/share/texlive/texmf-dist/tex/generic/oberdiek/ifvtex.sty
Package: ifvtex 2016/05/16 v1.6 Detect VTeX and its facilities (HO)
Package ifvtex Info: VTeX not detected.
)
(/usr/share/texlive/texmf-dist/tex/generic/ifxetex/ifxetex.sty
Package: ifxetex 2010/09/12 v0.6 Provides ifxetex conditional
)
\Gm@cnth=\count198
\Gm@cntv=\count199
\c@Gm@tempcnt=\count266
\Gm@bindingoffset=\dimen169
\Gm@wd@mp=\dimen170
\Gm@odd@mp=\dimen171
\Gm@even@mp=\dimen172
\Gm@layoutwidth=\dimen173
\Gm@layoutheight=\dimen174
\Gm@layouthoffset=\dimen175
\Gm@layoutvoffset=\dimen176
\Gm@dimlist=\toks18
)
(/usr/share/texlive/texmf-dist/tex/latex/pdfpages/pdfpages.sty
Package: pdfpages 2017/10/31 v0.5l Insert pages of external PDF documents (AM)

(/usr/share/texlive/texmf-dist/tex/latex/base/ifthen.sty
Package: ifthen 2014/09/29 v1.1c Standard LaTeX ifthen package (DPC)
)
(/usr/share/texlive/texmf-dist/tex/latex/tools/calc.sty
Package: calc 2014/10/28 v4.3 Infix arithmetic (KKT,FJ)
\calc@Acount=\count267
\calc@Bcount=\count268
\calc@Adimen=\dimen177
\calc@Bdimen=\dimen178
\calc@Askip=\skip55
\calc@Bskip=\skip56
LaTeX Info: Redefining \setlength on input line 80.
LaTeX Info: Redefining \addtolength on input line 81.
\calc@Ccount=\count269
\calc@Cskip=\skip57
)
(/usr/share/texlive/texmf-dist/tex/latex/eso-pic/eso-pic.sty
Package: eso-pic 2015/07/21 v2.0g eso-pic (RN)

(/usr/share/texlive/texmf-dist/tex/generic/oberdiek/atbegshi.sty
Package: atbegshi 2016/06/09 v1.18 At begin shipout hook (HO)

(/usr/share/texlive/texmf-dist/tex/generic/oberdiek/infwarerr.sty
Package: infwarerr 2016/05/16 v1.4 Providing info/warning/error messages (HO)
)
(/usr/share/texlive/texmf-dist/tex/generic/oberdiek/ltxcmds.sty
Package: ltxcmds 2016/05/16 v1.23 LaTeX kernel commands for general use (HO)
)))
\AM@pagewidth=\dimen179
\AM@pageheight=\dimen180

(/usr/share/texlive/texmf-dist/tex/latex/pdfpages/pppdftex.def
File: pppdftex.def 2017/10/31 v0.5l Pdfpages driver for pdfTeX (AM)
)
\AM@pagebox=\box49
\AM@global@opts=\toks19
\AM@toc@title=\toks20
\c@AM@survey=\count270
\AM@templatesizebox=\box50
)
(/usr/share/texlive/texmf-dist/tex/latex/hyperref/hyperref.sty
Package: hyperref 2018/02/06 v6.86b Hypertext links for LaTeX

(/usr/share/texlive/texmf-dist/tex/generic/oberdiek/hobsub-hyperref.sty
Package: hobsub-hyperref 2016/05/16 v1.14 Bundle oberdiek, subset hyperref (HO)


(/usr/share/texlive/texmf-dist/tex/generic/oberdiek/hobsub-generic.sty
Package: hobsub-generic 2016/05/16 v1.14 Bundle oberdiek, subset generic (HO)
Package: hobsub 2016/05/16 v1.14 Construct package bundles (HO)
Package hobsub Info: Skipping package `infwarerr' (already loaded).
Package hobsub Info: Skipping package `ltxcmds' (already loaded).
Package: ifluatex 2016/05/16 v1.4 Provides the ifluatex switch (HO)
Package ifluatex Info: LuaTeX not detected.
Package hobsub Info: Skipping package `ifvtex' (already loaded).
Package: intcalc 2016/05/16 v1.2 Expandable calculations with integers (HO)
Package hobsub Info: Skipping package `ifpdf' (already loaded).
Package: etexcmds 2016/05/16 v1.6 Avoid name clashes with e-TeX commands (HO)
Package etexcmds Info: Could not find \expanded.
(etexcmds)             That can mean that you are not using pdfTeX 1.50 or
(etexcmds)             that some package has redefined \expanded.
(etexcmds)             In the latter case, load this package earlier.
Package: kvsetkeys 2016/05/16 v1.17 Key value parser (HO)
Package: kvdefinekeys 2016/05/16 v1.4 Define keys (HO)
Package: pdftexcmds 2018/01/21 v0.26 Utility functions of pdfTeX for LuaTeX (HO
)
Package pdftexcmds Info: LuaTeX not detected.
Package pdftexcmds Info: \pdf@primitive is available.
Package pdftexcmds Info: \pdf@ifprimitive is available.
Package pdftexcmds Info: \pdfdraftmode found.
Package: pdfescape 2016/05/16 v1.14 Implements pdfTeX's escape features (HO)
Package: bigintcalc 2016/05/16 v1.4 Expandable calculations on big integers (HO
)
Package: bitset 2016/05/16 v1.2 Handle bit-vector datatype (HO)
Package: uniquecounter 2016/05/16 v1.3 Provide unlimited unique counter (HO)
)
Package hobsub Info: Skipping package `hobsub' (already loaded).
Package: letltxmacro 2016/05/16 v1.5 Let assignment for LaTeX macros (HO)
Package: hopatch 2016/05/16 v1.3 Wrapper for package hooks (HO)
Package: xcolor-patch 2016/05/16 xcolor patch
Package: atveryend 2016/05/16 v1.9 Hooks at the very end of document (HO)
Package atveryend Info: \enddocument detected (standard20110627).
Package hobsub Info: Skipping package `atbegshi' (already loaded).
Package: refcount 2016/05/16 v3.5 Data extraction from label references (HO)
Package: hycolor 2016/05/16 v1.8 Color options for hyperref/bookmark (HO)
)
(/usr/share/texlive/texmf-dist/tex/latex/oberdiek/auxhook.sty
Package: auxhook 2016/05/16 v1.4 Hooks for auxiliary files (HO)
)
(/usr/share/texlive/texmf-dist/tex/latex/oberdiek/kvoptions.sty
Package: kvoptions 2016/05/16 v3.12 Key value format for package options (HO)
)
\@linkdim=\dimen181
\Hy@linkcounter=\count271
\Hy@pagecounter=\count272

(/usr/share/texlive/texmf-dist/tex/latex/hyperref/pd1enc.def
File: pd1enc.def 2018/02/06 v6.86b Hyperref: PDFDocEncoding definition (HO)
)
\Hy@SavedSpaceFactor=\count273

(/usr/share/texlive/texmf-dist/tex/latex/latexconfig/hyperref.cfg
File: hyperref.cfg 2002/06/06 v1.2 hyperref configuration of TeXLive
)
Package hyperref Info: Hyper figures OFF on input line 4509.
Package hyperref Info: Link nesting OFF on input line 4514.
Package hyperref Info: Hyper index ON on input line 4517.
Package hyperref Info: Plain pages OFF on input line 4524.
Package hyperref Info: Backreferencing OFF on input line 4529.
Package hyperref Info: Implicit mode ON; LaTeX internals redefined.
Package hyperref Info: Bookmarks ON on input line 4762.
\c@Hy@tempcnt=\count274

(/usr/share/texlive/texmf-dist/tex/latex/url/url.sty
\Urlmuskip=\muskip16
Package: url 2013/09/16  ver 3.4  Verb mode for urls, etc.
)
LaTeX Info: Redefining \url on input line 5115.
\XeTeXLinkMargin=\dimen182
\Fld@menulength=\count275
\Field@Width=\dimen183
\Fld@charsize=\dimen184
Package hyperref Info: Hyper figures OFF on input line 6369.
Package hyperref Info: Link nesting OFF on input line 6374.
Package hyperref Info: Hyper index ON on input line 6377.
Package hyperref Info: backreferencing OFF on input line 6384.
Package hyperref Info: Link coloring OFF on input line 6389.
Package hyperref Info: Link coloring with OCG OFF on input line 6394.
Package hyperref Info: PDF/A mode OFF on input line 6399.
LaTeX Info: Redefining \ref on input line 6439.
LaTeX Info: Redefining \pageref on input line 6443.
\Hy@abspage=\count276
\c@Item=\count277
\c@Hfootnote=\count278
)
Package hyperref Info: Driver (autodetected): hpdftex.

(/usr/share/texlive/texmf-dist/tex/latex/hyperref/hpdftex.def
File: hpdftex.def 2018/02/06 v6.86b Hyperref driver for pdfTeX
\Fld@listcount=\count279
\c@bookmark@seq@number=\count280

(/usr/share/texlive/texmf-dist/tex/latex/oberdiek/rerunfilecheck.sty
Package: rerunfilecheck 2016/05/16 v1.8 Rerun checks for auxiliary files (HO)
Package uniquecounter Info: New unique counter `rerunfilecheck' on input line 2
82.
)
\Hy@SectionHShift=\skip58
)

Package hyperref Warning: Option `bookmarks' has already been used,
(hyperref)                setting the option has no effect on input line 30.

Package hyperref Info: Option `unicode' set `true' on input line 30.
(/usr/share/texlive/texmf-dist/tex/latex/hyperref/puenc.def
File: puenc.def 2018/02/06 v6.86b Hyperref: PDF Unicode definition (HO)
)
Package hyperref Info: Option `pdftoolbar' set `false' on input line 30.
Package hyperref Info: Option `pdfmenubar' set `false' on input line 30.
Package hyperref Info: Option `pdffitwindow' set `true' on input line 30.
Package hyperref Info: Option `pdfnewwindow' set `true' on input line 30.
Package hyperref Info: Option `colorlinks' set `false' on input line 30.

(/usr/share/texlive/texmf-dist/tex/latex/base/fontenc.sty
Package: fontenc 2017/04/05 v2.0i Standard LaTeX package

(/usr/share/texlive/texmf-dist/tex/latex/base/t1enc.def
File: t1enc.def 2017/04/05 v2.0i Standard LaTeX file
LaTeX Font Info:    Redeclaring font encoding T1 on input line 48.
))
(/usr/share/texlive/texmf-dist/tex/latex/fira/FiraSans.sty
Package: FiraSans 2018/01/09 (Bob Tennent and autoinst) Style file for Fira San
s fonts.

(/usr/share/texlive/texmf-dist/tex/latex/xkeyval/xkeyval.sty
Package: xkeyval 2014/12/03 v2.7a package option processing (HA)

(/usr/share/texlive/texmf-dist/tex/generic/xkeyval/xkeyval.tex
(/usr/share/texlive/texmf-dist/tex/generic/xkeyval/xkvutils.tex
\XKV@toks=\toks21
\XKV@tempa@toks=\toks22
)
\XKV@depth=\count281
File: xkeyval.tex 2014/12/03 v2.7a key=value parser (HA)
))
(/usr/share/texlive/texmf-dist/tex/latex/base/textcomp.sty
Package: textcomp 2017/04/05 v2.0i Standard LaTeX package
Package textcomp Info: Sub-encoding information:
(textcomp)               5 = only ISO-Adobe without \textcurrency
(textcomp)               4 = 5 + \texteuro
(textcomp)               3 = 4 + \textohm
(textcomp)               2 = 3 + \textestimated + \textcurrency
(textcomp)               1 = TS1 - \textcircled - \t
(textcomp)               0 = TS1 (full)
(textcomp)             Font families with sub-encoding setting implement
(textcomp)             only a restricted character set as indicated.
(textcomp)             Family '?' is the default used for unknown fonts.
(textcomp)             See the documentation for details.
Package textcomp Info: Setting ? sub-encoding to TS1/1 on input line 79.

(/usr/share/texlive/texmf-dist/tex/latex/base/ts1enc.def
File: ts1enc.def 2001/06/05 v3.0e (jk/car/fm) Standard LaTeX file
)
LaTeX Info: Redefining \oldstylenums on input line 334.
Package textcomp Info: Setting cmr sub-encoding to TS1/0 on input line 349.
Package textcomp Info: Setting cmss sub-encoding to TS1/0 on input line 350.
Package textcomp Info: Setting cmtt sub-encoding to TS1/0 on input line 351.
Package textcomp Info: Setting cmvtt sub-encoding to TS1/0 on input line 352.
Package textcomp Info: Setting cmbr sub-encoding to TS1/0 on input line 353.
Package textcomp Info: Setting cmtl sub-encoding to TS1/0 on input line 354.
Package textcomp Info: Setting ccr sub-encoding to TS1/0 on input line 355.
Package textcomp Info: Setting ptm sub-encoding to TS1/4 on input line 356.
Package textcomp Info: Setting pcr sub-encoding to TS1/4 on input line 357.
Package textcomp Info: Setting phv sub-encoding to TS1/4 on input line 358.
Package textcomp Info: Setting ppl sub-encoding to TS1/3 on input line 359.
Package textcomp Info: Setting pag sub-encoding to TS1/4 on input line 360.
Package textcomp Info: Setting pbk sub-encoding to TS1/4 on input line 361.
Package textcomp Info: Setting pnc sub-encoding to TS1/4 on input line 362.
Package textcomp Info: Setting pzc sub-encoding to TS1/4 on input line 363.
Package textcomp Info: Setting bch sub-encoding to TS1/4 on input line 364.
Package textcomp Info: Setting put sub-encoding to TS1/5 on input line 365.
Package textcomp Info: Setting uag sub-encoding to TS1/5 on input line 366.
Package textcomp Info: Setting ugq sub-encoding to TS1/5 on input line 367.
Package textcomp Info: Setting ul8 sub-encoding to TS1/4 on input line 368.
Package textcomp Info: Setting ul9 sub-encoding to TS1/4 on input line 369.
Package textcomp Info: Setting augie sub-encoding to TS1/5 on input line 370.
Package textcomp Info: Setting dayrom sub-encoding to TS1/3 on input line 371.
Package textcomp Info: Setting dayroms sub-encoding to TS1/3 on input line 372.

Package textcomp Info: Setting pxr sub-encoding to TS1/0 on input line 373.
Package textcomp Info: Setting pxss sub-encoding to TS1/0 on input line 374.
Package textcomp Info: Setting pxtt sub-encoding to TS1/0 on input line 375.
Package textcomp Info: Setting txr sub-encoding to TS1/0 on input line 376.
Package textcomp Info: Setting txss sub-encoding to TS1/0 on input line 377.
Package textcomp Info: Setting txtt sub-encoding to TS1/0 on input line 378.
Package textcomp Info: Setting lmr sub-encoding to TS1/0 on input line 379.
Package textcomp Info: Setting lmdh sub-encoding to TS1/0 on input line 380.
Package textcomp Info: Setting lmss sub-encoding to TS1/0 on input line 381.
Package textcomp Info: Setting lmssq sub-encoding to TS1/0 on input line 382.
Package textcomp Info: Setting lmvtt sub-encoding to TS1/0 on input line 383.
Package textcomp Info: Setting lmtt sub-encoding to TS1/0 on input line 384.
Package textcomp Info: Setting qhv sub-encoding to TS1/0 on input line 385.
Package textcomp Info: Setting qag sub-encoding to TS1/0 on input line 386.
Package textcomp Info: Setting qbk sub-encoding to TS1/0 on input line 387.
Package textcomp Info: Setting qcr sub-encoding to TS1/0 on input line 388.
Package textcomp Info: Setting qcs sub-encoding to TS1/0 on input line 389.
Package textcomp Info: Setting qpl sub-encoding to TS1/0 on input line 390.
Package textcomp Info: Setting qtm sub-encoding to TS1/0 on input line 391.
Package textcomp Info: Setting qzc sub-encoding to TS1/0 on input line 392.
Package textcomp Info: Setting qhvc sub-encoding to TS1/0 on input line 393.
Package textcomp Info: Setting futs sub-encoding to TS1/4 on input line 394.
Package textcomp Info: Setting futx sub-encoding to TS1/4 on input line 395.
Package textcomp Info: Setting futj sub-encoding to TS1/4 on input line 396.
Package textcomp Info: Setting hlh sub-encoding to TS1/3 on input line 397.
Package textcomp Info: Setting hls sub-encoding to TS1/3 on input line 398.
Package textcomp Info: Setting hlst sub-encoding to TS1/3 on input line 399.
Package textcomp Info: Setting hlct sub-encoding to TS1/5 on input line 400.
Package textcomp Info: Setting hlx sub-encoding to TS1/5 on input line 401.
Package textcomp Info: Setting hlce sub-encoding to TS1/5 on input line 402.
Package textcomp Info: Setting hlcn sub-encoding to TS1/5 on input line 403.
Package textcomp Info: Setting hlcw sub-encoding to TS1/5 on input line 404.
Package textcomp Info: Setting hlcf sub-encoding to TS1/5 on input line 405.
Package textcomp Info: Setting pplx sub-encoding to TS1/3 on input line 406.
Package textcomp Info: Setting pplj sub-encoding to TS1/3 on input line 407.
Package textcomp Info: Setting ptmx sub-encoding to TS1/4 on input line 408.
Package textcomp Info: Setting ptmj sub-encoding to TS1/4 on input line 409.
)
(/usr/share/texlive/texmf-dist/tex/latex/base/fontenc.sty
Package: fontenc 2017/04/05 v2.0i Standard LaTeX package
)
(/usr/share/texlive/texmf-dist/tex/latex/mweights/mweights.sty
Package: mweights 2017/03/30 (Bob Tennent) Support package for multiple-weight 
font packages. 
LaTeX Info: Redefining \bfseries on input line 22.
LaTeX Info: Redefining \mdseries on input line 30.
LaTeX Info: Redefining \rmfamily on input line 38.
LaTeX Info: Redefining \sffamily on input line 66.
LaTeX Info: Redefining \ttfamily on input line 94.
)
(/usr/share/texlive/texmf-dist/tex/latex/fontaxes/fontaxes.sty
Package: fontaxes 2014/03/23 v1.0d Font selection axes
LaTeX Info: Redefining \upshape on input line 29.
LaTeX Info: Redefining \itshape on input line 31.
LaTeX Info: Redefining \slshape on input line 33.
LaTeX Info: Redefining \scshape on input line 37.
))
(/usr/share/texlive/texmf-dist/tex/latex/newtxsf/newtxsf.sty
Package: newtxsf 2016/08/23 v1.05

`newtxsf' v1.05, 2016/08/23 Math macros based on STIX sans serif and txfonts (m
sharpe) (/usr/share/texlive/texmf-dist/tex/latex/amsmath/amsmath.sty
Package: amsmath 2017/09/02 v2.17a AMS math features
\@mathmargin=\skip59

For additional information on amsmath, use the `?' option.
(/usr/share/texlive/texmf-dist/tex/latex/amsmath/amsbsy.sty
Package: amsbsy 1999/11/29 v1.2d Bold Symbols
\pmbraise@=\dimen185
)
(/usr/share/texlive/texmf-dist/tex/latex/amsmath/amsopn.sty
Package: amsopn 2016/03/08 v2.02 operator names
)
\inf@bad=\count282
LaTeX Info: Redefining \frac on input line 213.
\uproot@=\count283
\leftroot@=\count284
LaTeX Info: Redefining \overline on input line 375.
\classnum@=\count285
\DOTSCASE@=\count286
LaTeX Info: Redefining \ldots on input line 472.
LaTeX Info: Redefining \dots on input line 475.
LaTeX Info: Redefining \cdots on input line 596.
\Mathstrutbox@=\box51
\strutbox@=\box52
\big@size=\dimen186
LaTeX Font Info:    Redeclaring font encoding OML on input line 712.
LaTeX Font Info:    Redeclaring font encoding OMS on input line 713.
\macc@depth=\count287
\c@MaxMatrixCols=\count288
\dotsspace@=\muskip17
\c@parentequation=\count289
\dspbrk@lvl=\count290
\tag@help=\toks23
\row@=\count291
\column@=\count292
\maxfields@=\count293
\andhelp@=\toks24
\eqnshift@=\dimen187
\alignsep@=\dimen188
\tagshift@=\dimen189
\tagwidth@=\dimen190
\totwidth@=\dimen191
\lineht@=\dimen192
\@envbody=\toks25
\multlinegap=\skip60
\multlinetaggap=\skip61
\mathdisplay@stack=\toks26
LaTeX Info: Redefining \[ on input line 2817.
LaTeX Info: Redefining \] on input line 2818.
)
(/usr/share/texlive/texmf-dist/tex/generic/kastrup/binhex.tex)
\tx@Isdigit=\count294
LaTeX Font Info:    Redeclaring symbol font `operators' on input line 47.
LaTeX Font Info:    Encoding `OT1' has changed to `T1' for symbol font
(Font)              `operators' in the math version `normal' on input line 47.
LaTeX Font Info:    Overwriting symbol font `operators' in version `normal'
(Font)                  OT1/cmr/m/n --> T1/FiraSans-OsF/m/n on input line 47.
LaTeX Font Info:    Encoding `OT1' has changed to `T1' for symbol font
(Font)              `operators' in the math version `bold' on input line 47.
LaTeX Font Info:    Overwriting symbol font `operators' in version `bold'
(Font)                  OT1/cmr/bx/n --> T1/FiraSans-OsF/m/n on input line 47.
LaTeX Font Info:    Overwriting symbol font `operators' in version `bold'
(Font)                  T1/FiraSans-OsF/m/n --> T1/FiraSans-OsF/b/n on input li
ne 48.
LaTeX Font Info:    Redeclaring math alphabet \mathsf on input line 54.
LaTeX Font Info:    Overwriting math alphabet `\mathsf' in version `normal'
(Font)                  OT1/cmss/m/n --> T1/FiraSans-OsF/m/n on input line 54.
LaTeX Font Info:    Overwriting math alphabet `\mathsf' in version `bold'
(Font)                  OT1/cmss/bx/n --> T1/FiraSans-OsF/m/n on input line 54.

LaTeX Font Info:    Redeclaring math alphabet \mathit on input line 55.
LaTeX Font Info:    Overwriting math alphabet `\mathit' in version `normal'
(Font)                  OT1/cmr/m/it --> T1/FiraSans-OsF/m/it on input line 55.

LaTeX Font Info:    Overwriting math alphabet `\mathit' in version `bold'
(Font)                  OT1/cmr/bx/it --> T1/FiraSans-OsF/m/it on input line 55
.
LaTeX Font Info:    Redeclaring math alphabet \mathtt on input line 56.
LaTeX Font Info:    Overwriting math alphabet `\mathtt' in version `normal'
(Font)                  OT1/cmtt/m/n --> T1/cmtt/m/n on input line 56.
LaTeX Font Info:    Overwriting math alphabet `\mathtt' in version `bold'
(Font)                  OT1/cmtt/m/n --> T1/cmtt/m/n on input line 56.
LaTeX Font Info:    Redeclaring math alphabet \mathbf on input line 58.
LaTeX Font Info:    Overwriting math alphabet `\mathbf' in version `normal'
(Font)                  OT1/cmr/bx/n --> T1/FiraSans-OsF/b/n on input line 58.
LaTeX Font Info:    Overwriting math alphabet `\mathbf' in version `bold'
(Font)                  OT1/cmr/bx/n --> T1/FiraSans-OsF/b/n on input line 58.
LaTeX Font Info:    Overwriting math alphabet `\mathit' in version `bold'
(Font)                  T1/FiraSans-OsF/m/it --> T1/FiraSans-OsF/b/it on input 
line 59.
LaTeX Font Info:    Overwriting math alphabet `\mathsf' in version `bold'
(Font)                  T1/FiraSans-OsF/m/n --> T1/FiraSans-OsF/b/n on input li
ne 60.
LaTeX Font Info:    Overwriting math alphabet `\mathtt' in version `bold'
(Font)                  T1/cmtt/m/n --> T1/cmtt/b/n on input line 61.
LaTeX Font Info:    Redeclaring symbol font `letters' on input line 66.
LaTeX Font Info:    Overwriting symbol font `letters' in version `normal'
(Font)                  OML/cmm/m/it --> OML/ntxsfmi/m/it on input line 66.
LaTeX Font Info:    Overwriting symbol font `letters' in version `bold'
(Font)                  OML/cmm/b/it --> OML/ntxsfmi/m/it on input line 66.
LaTeX Font Info:    Overwriting symbol font `letters' in version `bold'
(Font)                  OML/ntxsfmi/m/it --> OML/ntxsfmi/b/it on input line 67.

\symlettersA=\mathgroup4
LaTeX Font Info:    Overwriting symbol font `lettersA' in version `bold'
(Font)                  U/ntxsfmia/m/it --> U/ntxsfmia/b/it on input line 74.
LaTeX Font Info:    Redeclaring symbol font `symbols' on input line 84.
LaTeX Font Info:    Encoding `OMS' has changed to `LMS' for symbol font
(Font)              `symbols' in the math version `normal' on input line 84.
LaTeX Font Info:    Overwriting symbol font `symbols' in version `normal'
(Font)                  OMS/cmsy/m/n --> LMS/ntxsy/m/n on input line 84.
LaTeX Font Info:    Encoding `OMS' has changed to `LMS' for symbol font
(Font)              `symbols' in the math version `bold' on input line 84.
LaTeX Font Info:    Overwriting symbol font `symbols' in version `bold'
(Font)                  OMS/cmsy/b/n --> LMS/ntxsy/m/n on input line 84.
LaTeX Font Info:    Overwriting symbol font `symbols' in version `bold'
(Font)                  LMS/ntxsy/m/n --> LMS/ntxsy/b/n on input line 85.
\symAMSm=\mathgroup5
LaTeX Font Info:    Overwriting symbol font `AMSm' in version `bold'
(Font)                  U/ntxsym/m/n --> U/ntxsym/b/n on input line 104.
\symsymbolsC=\mathgroup6
LaTeX Font Info:    Overwriting symbol font `symbolsC' in version `bold'
(Font)                  U/ntxsyc/m/n --> U/ntxsyc/b/n on input line 126.
LaTeX Font Info:    Redeclaring symbol font `largesymbols' on input line 139.
LaTeX Font Info:    Encoding `OMX' has changed to `LMX' for symbol font
(Font)              `largesymbols' in the math version `normal' on input line 1
39.
LaTeX Font Info:    Overwriting symbol font `largesymbols' in version `normal'
(Font)                  OMX/cmex/m/n --> LMX/ntxexx/m/n on input line 139.
LaTeX Font Info:    Encoding `OMX' has changed to `LMX' for symbol font
(Font)              `largesymbols' in the math version `bold' on input line 139
.
LaTeX Font Info:    Overwriting symbol font `largesymbols' in version `bold'
(Font)                  OMX/cmex/m/n --> LMX/ntxexx/m/n on input line 139.
LaTeX Font Info:    Overwriting symbol font `largesymbols' in version `bold'
(Font)                  LMX/ntxexx/m/n --> LMX/ntxexx/b/n on input line 140.
\symlargesymbolsTXA=\mathgroup7
LaTeX Font Info:    Overwriting symbol font `largesymbolsTXA' in version `bold'

(Font)                  U/ntxexa/m/n --> U/ntxexa/b/n on input line 151.
LaTeX Font Info:    Redeclaring math delimiter \lgroup on input line 228.
LaTeX Font Info:    Redeclaring math delimiter \rgroup on input line 229.
LaTeX Font Info:    Redeclaring math delimiter \lmoustache on input line 230.
LaTeX Font Info:    Redeclaring math delimiter \rmoustache on input line 231.
LaTeX Font Info:    Redeclaring math delimiter \lfloor on input line 237.
LaTeX Font Info:    Redeclaring math delimiter \rfloor on input line 238.
LaTeX Font Info:    Redeclaring math delimiter \lceil on input line 239.
LaTeX Font Info:    Redeclaring math delimiter \rceil on input line 240.
LaTeX Font Info:    Redeclaring math delimiter \lbrace on input line 241.
LaTeX Font Info:    Redeclaring math delimiter \rbrace on input line 242.
LaTeX Font Info:    Redeclaring math delimiter \langle on input line 243.
LaTeX Font Info:    Redeclaring math delimiter \rangle on input line 245.
LaTeX Font Info:    Redeclaring math symbol \mid on input line 247.
LaTeX Font Info:    Redeclaring math delimiter \arrowvert on input line 249.
LaTeX Font Info:    Redeclaring math delimiter \vert on input line 250.
LaTeX Font Info:    Redeclaring math symbol \parallel on input line 251.
LaTeX Font Info:    Redeclaring math delimiter \Arrowvert on input line 252.
LaTeX Font Info:    Redeclaring math delimiter \Vert on input line 253.
LaTeX Font Info:    Redeclaring math delimiter \updownarrow on input line 255.
LaTeX Font Info:    Redeclaring math delimiter \Updownarrow on input line 256.
LaTeX Font Info:    Redeclaring math delimiter \lvert on input line 261.
LaTeX Font Info:    Redeclaring math delimiter \rvert on input line 262.
LaTeX Font Info:    Redeclaring math delimiter \lVert on input line 263.
LaTeX Font Info:    Redeclaring math delimiter \rVert on input line 264.
LaTeX Font Info:    Redeclaring math accent \vec on input line 1276.
LaTeX Font Info:    Redeclaring math symbol \m@thbbch@rA on input line 1476.
LaTeX Info: Redefining \not on input line 1730.
)
(/usr/share/texlive/texmf-dist/tex/latex/import/import.sty
Package: import 2009/03/23  v 5.1
)
(/usr/share/texlive/texmf-dist/tex/latex/sectsty/sectsty.sty
Package: sectsty 2002/02/25 v2.0.2 Commands to change all sectional heading sty
les
) (./main.aux)
\openout1 = `main.aux'.

LaTeX Font Info:    Checking defaults for OML/ntxsfmi/m/it on input line 121.
LaTeX Font Info:    Try loading font information for OML+ntxsfmi on input line 
121.

(/usr/share/texlive/texmf-dist/tex/latex/newtxsf/omlntxsfmi.fd
File: omlntxsfmi.fd 2014/11/16 Fontinst v1.933 font definitions for OML/ntxsfmi
.
)
LaTeX Font Info:    ... okay on input line 121.
LaTeX Font Info:    Checking defaults for T1/cmr/m/n on input line 121.
LaTeX Font Info:    ... okay on input line 121.
LaTeX Font Info:    Checking defaults for OT1/cmr/m/n on input line 121.
LaTeX Font Info:    ... okay on input line 121.
LaTeX Font Info:    Checking defaults for OMS/cmsy/m/n on input line 121.
LaTeX Font Info:    ... okay on input line 121.
LaTeX Font Info:    Checking defaults for OMX/cmex/m/n on input line 121.
LaTeX Font Info:    ... okay on input line 121.
LaTeX Font Info:    Checking defaults for U/ntxexa/m/n on input line 121.
LaTeX Font Info:    Try loading font information for U+ntxexa on input line 121
.

(/usr/share/texlive/texmf-dist/tex/latex/newtx/untxexa.fd
File: untxexa.fd 2012/04/16 Fontinst v1.933 font definitions for U/ntxexa.
)
LaTeX Font Info:    ... okay on input line 121.
LaTeX Font Info:    Checking defaults for PD1/pdf/m/n on input line 121.
LaTeX Font Info:    ... okay on input line 121.
LaTeX Font Info:    Checking defaults for PU/pdf/m/n on input line 121.
LaTeX Font Info:    ... okay on input line 121.
LaTeX Font Info:    Checking defaults for TS1/cmr/m/n on input line 121.
LaTeX Font Info:    Try loading font information for TS1+cmr on input line 121.


(/usr/share/texlive/texmf-dist/tex/latex/base/ts1cmr.fd
File: ts1cmr.fd 2014/09/29 v2.5h Standard LaTeX font definitions
)
LaTeX Font Info:    ... okay on input line 121.
LaTeX Font Info:    Checking defaults for LMS/ntxsy/m/n on input line 121.
LaTeX Font Info:    Try loading font information for LMS+ntxsy on input line 12
1.

(/usr/share/texlive/texmf-dist/tex/latex/newtx/lmsntxsy.fd
File: lmsntxsy.fd 2016/07/02 Fontinst v1.933 font definitions for LMS/ntxsy.
)
LaTeX Font Info:    ... okay on input line 121.
LaTeX Font Info:    Checking defaults for LMX/ntxexx/m/n on input line 121.
LaTeX Font Info:    ... okay on input line 121.
LaTeX Font Info:    Try loading font information for T1+FiraSans-OsF on input l
ine 121.

(/usr/share/texlive/texmf-dist/tex/latex/fira/T1FiraSans-OsF.fd
File: T1FiraSans-OsF.fd 2018/01/09 (autoinst) Font definitions for T1/FiraSans-
OsF.
)
LaTeX Font Info:    Font shape `T1/FiraSans-OsF/m/n' will be
(Font)              scaled to size 10.0pt on input line 121.

(/usr/share/texlive/texmf-dist/tex/latex/translator/translator-basic-dictionary
-English.dict
Dictionary: translator-basic-dictionary, Language: English 
)
(/usr/share/texlive/texmf-dist/tex/latex/siunitx/siunitx-abbreviations.cfg
File: siunitx-abbreviations.cfg 2017/11/26 v2.7k siunitx: Abbreviated units
)
(/usr/share/texlive/texmf-dist/tex/context/base/mkii/supp-pdf.mkii
[Loading MPS to PDF converter (version 2006.09.02).]
\scratchcounter=\count295
\scratchdimen=\dimen193
\scratchbox=\box53
\nofMPsegments=\count296
\nofMParguments=\count297
\everyMPshowfont=\toks27
\MPscratchCnt=\count298
\MPscratchDim=\dimen194
\MPnumerator=\count299
\makeMPintoPDFobject=\count300
\everyMPtoPDFconversion=\toks28
) (/usr/share/texlive/texmf-dist/tex/latex/oberdiek/epstopdf-base.sty
Package: epstopdf-base 2016/05/15 v2.6 Base part for package epstopdf

(/usr/share/texlive/texmf-dist/tex/latex/oberdiek/grfext.sty
Package: grfext 2016/05/16 v1.2 Manage graphics extensions (HO)
)
Package epstopdf-base Info: Redefining graphics rule for `.eps' on input line 4
38.
Package grfext Info: Graphics extension search list:
(grfext)             [.pdf,.png,.jpg,.mps,.jpeg,.jbig2,.jb2,.PDF,.PNG,.JPG,.JPE
G,.JBIG2,.JB2,.eps]
(grfext)             \AppendGraphicsExtensions on input line 456.

(/usr/share/texlive/texmf-dist/tex/latex/latexconfig/epstopdf-sys.cfg
File: epstopdf-sys.cfg 2010/07/13 v1.3 Configuration of (r)epstopdf for TeX Liv
e
))
*geometry* driver: auto-detecting
*geometry* detected driver: pdftex
*geometry* verbose mode - [ preamble ] result:
* driver: pdftex
* paper: <default>
* layout: <same size as paper>
* layoutoffset:(h,v)=(0.0pt,0.0pt)
* modes: 
* h-part:(L,W,R)=(56.9055pt, 500.484pt, 56.9055pt)
* v-part:(T,H,B)=(56.9055pt, 681.15898pt, 56.9055pt)
* \paperwidth=614.295pt
* \paperheight=794.96999pt
* \textwidth=500.484pt
* \textheight=681.15898pt
* \oddsidemargin=-15.36449pt
* \evensidemargin=-15.36449pt
* \topmargin=-52.36449pt
* \headheight=12.0pt
* \headsep=25.0pt
* \topskip=10.0pt
* \footskip=30.0pt
* \marginparwidth=65.0pt
* \marginparsep=11.0pt
* \columnsep=10.0pt
* \skip\footins=9.0pt plus 4.0pt minus 2.0pt
* \hoffset=0.0pt
* \voffset=0.0pt
* \mag=1000
* \@twocolumnfalse
* \@twosidefalse
* \@mparswitchfalse
* \@reversemarginfalse
* (1in=72.27pt=25.4mm, 1cm=28.453pt)

\AtBeginShipoutBox=\box54
(/usr/share/texlive/texmf-dist/tex/latex/oberdiek/pdflscape.sty
Package: pdflscape 2016/05/14 v0.11 Display of landscape pages in PDF (HO)

(/usr/share/texlive/texmf-dist/tex/latex/graphics/lscape.sty
Package: lscape 2000/10/22 v3.01 Landscape Pages (DPC)
)
Package pdflscape Info: Auto-detected driver: pdftex on input line 81.
)
Package hyperref Info: Link coloring OFF on input line 121.

(/usr/share/texlive/texmf-dist/tex/latex/hyperref/nameref.sty
Package: nameref 2016/05/21 v2.44 Cross-referencing by name of section

(/usr/share/texlive/texmf-dist/tex/generic/oberdiek/gettitlestring.sty
Package: gettitlestring 2016/05/16 v1.5 Cleanup title references (HO)
)
\c@section@level=\count301
)
LaTeX Info: Redefining \ref on input line 121.
LaTeX Info: Redefining \pageref on input line 121.
LaTeX Info: Redefining \nameref on input line 121.

(./main.out) (./main.out)
\@outlinefile=\write3
\openout3 = `main.out'.

\c@mv@tabular=\count302
\c@mv@boldtabular=\count303
\c__siunitx_mathsf_int=\count304
LaTeX Font Info:    Font shape `T1/FiraSans-OsF/m/n' will be
(Font)              scaled to size 7.3pt on input line 121.
LaTeX Font Info:    Font shape `T1/FiraSans-OsF/m/n' will be
(Font)              scaled to size 5.5pt on input line 121.
LaTeX Font Info:    Try loading font information for U+ntxsfmia on input line 1
21.

(/usr/share/texlive/texmf-dist/tex/latex/newtxsf/untxsfmia.fd
File: untxsfmia.fd 2014/11/16 Fontinst v1.933 font definitions for U/ntxsfmia.
)
LaTeX Font Info:    Try loading font information for U+ntxsym on input line 121
.

(/usr/share/texlive/texmf-dist/tex/latex/newtx/untxsym.fd
File: untxsym.fd 2015/03/20 Fontinst v1.933 font definitions for U/ntxsym.
)
LaTeX Font Info:    Try loading font information for U+ntxsyc on input line 121
.

(/usr/share/texlive/texmf-dist/tex/latex/newtx/untxsyc.fd
File: untxsyc.fd 2012/04/12 Fontinst v1.933 font definitions for U/ntxsyc.
)
\c__siunitx_mathtt_int=\count305
LaTeX Font Info:    Try loading font information for T1+cmtt on input line 121.


(/usr/share/texlive/texmf-dist/tex/latex/base/t1cmtt.fd
File: t1cmtt.fd 2014/09/29 v2.5h Standard LaTeX font definitions
)

LaTeX Font Warning: Font shape `T1/cmtt/m/n' in size <5.5> not available
(Font)              size <5> substituted on input line 121.

LaTeX Font Info:    Font shape `T1/FiraSans-OsF/m/n' will be
(Font)              scaled to size 12.0pt on input line 124.
LaTeX Font Info:    Font shape `T1/FiraSans-OsF/m/n' will be
(Font)              scaled to size 24.88pt on input line 125.
LaTeX Font Info:    Font shape `T1/FiraSans-OsF/m/n' will be
(Font)              scaled to size 14.4pt on input line 132.
LaTeX Font Info:    Font shape `T1/FiraSans-OsF/b/n' will be
(Font)              scaled to size 14.4pt on input line 132.
LaTeX Font Info:    Font shape `T1/FiraSans-OsF/b/n' will be
(Font)              scaled to size 10.0pt on input line 142.

Overfull \hbox (6.79999pt too wide) in paragraph at lines 134--144
[] 
 []


Underfull \hbox (badness 10000) in paragraph at lines 134--144

 []

LaTeX Font Info:    Font shape `T1/FiraSans-OsF/m/n' will be
(Font)              scaled to size 8.0pt on input line 146.
LaTeX Font Info:    Font shape `T1/FiraSans-OsF/m/n' will be
(Font)              scaled to size 6.2pt on input line 146.
(./main.toc)
\tf@toc=\write4
\openout4 = `main.toc'.

 [1

{/var/lib/texmf/fonts/map/pdftex/updmap/pdftex.map}]
LaTeX Font Info:    Try loading font information for TS1+FiraSans-OsF on input 
line 158.

(/usr/share/texlive/texmf-dist/tex/latex/fira/TS1FiraSans-OsF.fd
File: TS1FiraSans-OsF.fd 2018/01/09 (autoinst) Font definitions for TS1/FiraSan
s-OsF.
)
LaTeX Font Info:    Font shape `TS1/FiraSans-OsF/m/n' will be
(Font)              scaled to size 10.0pt on input line 158.
LaTeX Font Info:    Font shape `T1/FiraSans-OsF/m/sc' will be
(Font)              scaled to size 10.0pt on input line 158.
LaTeX Font Info:    Font shape `T1/FiraSans-OsF/b/sc' will be
(Font)              scaled to size 10.0pt on input line 158.
 [2]
LaTeX Font Info:    Font shape `T1/FiraSans-OsF/m/it' will be
(Font)              scaled to size 10.0pt on input line 196.
LaTeX Font Info:    Try loading font information for T1+pzc on input line 205.

(/usr/share/texlive/texmf-dist/tex/latex/psnfss/t1pzc.fd
File: t1pzc.fd 2001/06/04 font definitions for T1/pzc.
)
LaTeX Font Info:    Font shape `T1/pzc/m/n' in size <10> not available
(Font)              Font shape `T1/pzc/mb/it' tried instead on input line 205.
LaTeX Font Info:    Font shape `T1/pzc/m/n' in size <12> not available
(Font)              Font shape `T1/pzc/mb/it' tried instead on input line 205.

Underfull \hbox (badness 10000) in paragraph at lines 203--208

 []

LaTeX Font Info:    Font shape `T1/pzc/m/n' in size <20.74> not available
(Font)              Font shape `T1/pzc/mb/it' tried instead on input line 225.
[3]
LaTeX Font Info:    Font shape `T1/FiraSans-OsF/b/n' will be
(Font)              scaled to size 12.0pt on input line 270.
 [4]
<fig/blu_fors_ghs_pump_dilution_unit.pdf, id=161, 189.7762pt x 126.69908pt>
File: fig/blu_fors_ghs_pump_dilution_unit.pdf Graphic file (type pdf)
<use fig/blu_fors_ghs_pump_dilution_unit.pdf>
Package pdftex.def Info: fig/blu_fors_ghs_pump_dilution_unit.pdf  used on input
 line 295.
(pdftex.def)             Requested size: 189.77573pt x 126.69876pt.
 [5 <./fig/blu_fors_ghs_pump_dilution_unit.pdf>]
(./fig/heater_wireing.pdf_tex
<fig/heater_wireing.pdf, id=182, page=1, 309.71242pt x 96.89243pt>
File: fig/heater_wireing.pdf Graphic file (type pdf)
<use fig/heater_wireing.pdf, page 1>
Package pdftex.def Info: fig/heater_wireing.pdf , page1 used on input line 56.
(pdftex.def)             Requested size: 309.7124pt x 96.89957pt.
<fig/heater_wireing.pdf, id=183, page=2, 309.71242pt x 96.89243pt>
File: fig/heater_wireing.pdf Graphic file (type pdf)
<use fig/heater_wireing.pdf, page 2>
Package pdftex.def Info: fig/heater_wireing.pdf , page2 used on input line 58.
(pdftex.def)             Requested size: 309.7124pt x 96.89957pt.
<fig/heater_wireing.pdf, id=184, page=3, 309.71242pt x 96.89243pt>
File: fig/heater_wireing.pdf Graphic file (type pdf)
<use fig/heater_wireing.pdf, page 3>
Package pdftex.def Info: fig/heater_wireing.pdf , page3 used on input line 60.
(pdftex.def)             Requested size: 309.7124pt x 96.89957pt.
<fig/heater_wireing.pdf, id=185, page=4, 309.71242pt x 96.89243pt>
File: fig/heater_wireing.pdf Graphic file (type pdf)
<use fig/heater_wireing.pdf, page 4>
Package pdftex.def Info: fig/heater_wireing.pdf , page4 used on input line 62.
(pdftex.def)             Requested size: 309.7124pt x 96.89957pt.
<fig/heater_wireing.pdf, id=186, page=5, 309.71242pt x 96.89243pt>
File: fig/heater_wireing.pdf Graphic file (type pdf)
<use fig/heater_wireing.pdf, page 5>
Package pdftex.def Info: fig/heater_wireing.pdf , page5 used on input line 64.
(pdftex.def)             Requested size: 309.7124pt x 96.89957pt.
<fig/heater_wireing.pdf, id=187, page=6, 309.71242pt x 96.89243pt>
File: fig/heater_wireing.pdf Graphic file (type pdf)
<use fig/heater_wireing.pdf, page 6>
Package pdftex.def Info: fig/heater_wireing.pdf , page6 used on input line 66.
(pdftex.def)             Requested size: 309.7124pt x 96.89957pt.
<fig/heater_wireing.pdf, id=188, page=7, 309.71242pt x 96.89243pt>
File: fig/heater_wireing.pdf Graphic file (type pdf)
<use fig/heater_wireing.pdf, page 7>
Package pdftex.def Info: fig/heater_wireing.pdf , page7 used on input line 68.
(pdftex.def)             Requested size: 309.7124pt x 96.89957pt.
<fig/heater_wireing.pdf, id=189, page=8, 309.71242pt x 96.89243pt>
File: fig/heater_wireing.pdf Graphic file (type pdf)
<use fig/heater_wireing.pdf, page 8>
Package pdftex.def Info: fig/heater_wireing.pdf , page8 used on input line 70.
(pdftex.def)             Requested size: 309.7124pt x 96.89957pt.
<fig/heater_wireing.pdf, id=190, page=9, 309.71242pt x 96.89243pt>
File: fig/heater_wireing.pdf Graphic file (type pdf)
<use fig/heater_wireing.pdf, page 9>
Package pdftex.def Info: fig/heater_wireing.pdf , page9 used on input line 72.
(pdftex.def)             Requested size: 309.7124pt x 96.89957pt.
<fig/heater_wireing.pdf, id=191, page=10, 309.71242pt x 96.89243pt>
File: fig/heater_wireing.pdf Graphic file (type pdf)
<use fig/heater_wireing.pdf, page 10>
Package pdftex.def Info: fig/heater_wireing.pdf , page10 used on input line 74.

(pdftex.def)             Requested size: 309.7124pt x 96.89957pt.
<fig/heater_wireing.pdf, id=192, page=11, 309.71242pt x 96.89243pt>
File: fig/heater_wireing.pdf Graphic file (type pdf)
<use fig/heater_wireing.pdf, page 11>
Package pdftex.def Info: fig/heater_wireing.pdf , page11 used on input line 76.

(pdftex.def)             Requested size: 309.7124pt x 96.89957pt.
<fig/heater_wireing.pdf, id=193, page=12, 309.71242pt x 96.89243pt>
File: fig/heater_wireing.pdf Graphic file (type pdf)
<use fig/heater_wireing.pdf, page 12>
Package pdftex.def Info: fig/heater_wireing.pdf , page12 used on input line 78.

(pdftex.def)             Requested size: 309.7124pt x 96.89957pt.
<fig/heater_wireing.pdf, id=194, page=13, 309.71242pt x 96.89243pt>
File: fig/heater_wireing.pdf Graphic file (type pdf)
<use fig/heater_wireing.pdf, page 13>
Package pdftex.def Info: fig/heater_wireing.pdf , page13 used on input line 80.

(pdftex.def)             Requested size: 309.7124pt x 96.89957pt.
) [6 <./fig/heater_wireing.pdf> <./fig/heater_wireing.pdf

pdfTeX warning: pdflatex (file ./fig/heater_wireing.pdf): PDF inclusion: multip
le pdfs with page group included in a single page
> <./fig/heater_wireing.pdf

pdfTeX warning: pdflatex (file ./fig/heater_wireing.pdf): PDF inclusion: multip
le pdfs with page group included in a single page
> <./fig/heater_wireing.pdf

pdfTeX warning: pdflatex (file ./fig/heater_wireing.pdf): PDF inclusion: multip
le pdfs with page group included in a single page
> <./fig/heater_wireing.pdf

pdfTeX warning: pdflatex (file ./fig/heater_wireing.pdf): PDF inclusion: multip
le pdfs with page group included in a single page
> <./fig/heater_wireing.pdf

pdfTeX warning: pdflatex (file ./fig/heater_wireing.pdf): PDF inclusion: multip
le pdfs with page group included in a single page
> <./fig/heater_wireing.pdf

pdfTeX warning: pdflatex (file ./fig/heater_wireing.pdf): PDF inclusion: multip
le pdfs with page group included in a single page
> <./fig/heater_wireing.pdf

pdfTeX warning: pdflatex (file ./fig/heater_wireing.pdf): PDF inclusion: multip
le pdfs with page group included in a single page
> <./fig/heater_wireing.pdf

pdfTeX warning: pdflatex (file ./fig/heater_wireing.pdf): PDF inclusion: multip
le pdfs with page group included in a single page
> <./fig/heater_wireing.pdf

pdfTeX warning: pdflatex (file ./fig/heater_wireing.pdf): PDF inclusion: multip
le pdfs with page group included in a single page
> <./fig/heater_wireing.pdf

pdfTeX warning: pdflatex (file ./fig/heater_wireing.pdf): PDF inclusion: multip
le pdfs with page group included in a single page
> <./fig/heater_wireing.pdf

pdfTeX warning: pdflatex (file ./fig/heater_wireing.pdf): PDF inclusion: multip
le pdfs with page group included in a single page
> <./fig/heater_wireing.pdf

pdfTeX warning: pdflatex (file ./fig/heater_wireing.pdf): PDF inclusion: multip
le pdfs with page group included in a single page
>] [7]
<fig/blu_fors_ghs_pump_vc.pdf, id=209, 189.7762pt x 136.36366pt>
File: fig/blu_fors_ghs_pump_vc.pdf Graphic file (type pdf)
<use fig/blu_fors_ghs_pump_vc.pdf>
Package pdftex.def Info: fig/blu_fors_ghs_pump_vc.pdf  used on input line 392.
(pdftex.def)             Requested size: 189.77573pt x 136.36331pt.
 [8 <./fig/blu_fors_ghs_pump_vc.pdf>] [9] [10]
<fig/blu_fors_ghs_normal_circulation.pdf, id=250, 189.7762pt x 129.18445pt>
File: fig/blu_fors_ghs_normal_circulation.pdf Graphic file (type pdf)
<use fig/blu_fors_ghs_normal_circulation.pdf>
Package pdftex.def Info: fig/blu_fors_ghs_normal_circulation.pdf  used on input
 line 486.
(pdftex.def)             Requested size: 189.77573pt x 129.18411pt.

(./fig/still_heating.pdf_tex
<fig/still_heating.pdf, id=251, page=1, 363.99161pt x 125.04611pt>
File: fig/still_heating.pdf Graphic file (type pdf)
<use fig/still_heating.pdf, page 1>
Package pdftex.def Info: fig/still_heating.pdf , page1 used on input line 57.
(pdftex.def)             Requested size: 363.99161pt x 125.05342pt.
<fig/still_heating.pdf, id=252, page=2, 363.99161pt x 125.04611pt>
File: fig/still_heating.pdf Graphic file (type pdf)
<use fig/still_heating.pdf, page 2>
Package pdftex.def Info: fig/still_heating.pdf , page2 used on input line 59.
(pdftex.def)             Requested size: 363.99161pt x 125.05342pt.
<fig/still_heating.pdf, id=253, page=3, 363.99161pt x 125.04611pt>
File: fig/still_heating.pdf Graphic file (type pdf)
<use fig/still_heating.pdf, page 3>
Package pdftex.def Info: fig/still_heating.pdf , page3 used on input line 61.
(pdftex.def)             Requested size: 363.99161pt x 125.05342pt.
<fig/still_heating.pdf, id=254, page=4, 363.99161pt x 125.04611pt>
File: fig/still_heating.pdf Graphic file (type pdf)
<use fig/still_heating.pdf, page 4>
Package pdftex.def Info: fig/still_heating.pdf , page4 used on input line 63.
(pdftex.def)             Requested size: 363.99161pt x 125.05342pt.
<fig/still_heating.pdf, id=255, page=5, 363.99161pt x 125.04611pt>
File: fig/still_heating.pdf Graphic file (type pdf)
<use fig/still_heating.pdf, page 5>
Package pdftex.def Info: fig/still_heating.pdf , page5 used on input line 67.
(pdftex.def)             Requested size: 363.99161pt x 125.05342pt.
<fig/still_heating.pdf, id=256, page=6, 363.99161pt x 125.04611pt>
File: fig/still_heating.pdf Graphic file (type pdf)
<use fig/still_heating.pdf, page 6>
Package pdftex.def Info: fig/still_heating.pdf , page6 used on input line 69.
(pdftex.def)             Requested size: 363.99161pt x 125.05342pt.
<fig/still_heating.pdf, id=257, page=7, 363.99161pt x 125.04611pt>
File: fig/still_heating.pdf Graphic file (type pdf)
<use fig/still_heating.pdf, page 7>
Package pdftex.def Info: fig/still_heating.pdf , page7 used on input line 71.
(pdftex.def)             Requested size: 363.99161pt x 125.05342pt.
<fig/still_heating.pdf, id=258, page=8, 363.99161pt x 125.04611pt>
File: fig/still_heating.pdf Graphic file (type pdf)
<use fig/still_heating.pdf, page 8>
Package pdftex.def Info: fig/still_heating.pdf , page8 used on input line 73.
(pdftex.def)             Requested size: 363.99161pt x 125.05342pt.
<fig/still_heating.pdf, id=259, page=9, 363.99161pt x 125.04611pt>
File: fig/still_heating.pdf Graphic file (type pdf)
<use fig/still_heating.pdf, page 9>
Package pdftex.def Info: fig/still_heating.pdf , page9 used on input line 75.
(pdftex.def)             Requested size: 363.99161pt x 125.05342pt.
<fig/still_heating.pdf, id=260, page=10, 363.99161pt x 125.04611pt>
File: fig/still_heating.pdf Graphic file (type pdf)
<use fig/still_heating.pdf, page 10>
Package pdftex.def Info: fig/still_heating.pdf , page10 used on input line 77.
(pdftex.def)             Requested size: 363.99161pt x 125.05342pt.
) [11 <./fig/blu_fors_ghs_normal_circulation.pdf> <./fig/still_heating.pdf

pdfTeX warning: pdflatex (file ./fig/still_heating.pdf): PDF inclusion: multipl
e pdfs with page group included in a single page
> <./fig/still_heating.pdf

pdfTeX warning: pdflatex (file ./fig/still_heating.pdf): PDF inclusion: multipl
e pdfs with page group included in a single page
> <./fig/still_heating.pdf

pdfTeX warning: pdflatex (file ./fig/still_heating.pdf): PDF inclusion: multipl
e pdfs with page group included in a single page
> <./fig/still_heating.pdf

pdfTeX warning: pdflatex (file ./fig/still_heating.pdf): PDF inclusion: multipl
e pdfs with page group included in a single page
> <./fig/still_heating.pdf

pdfTeX warning: pdflatex (file ./fig/still_heating.pdf): PDF inclusion: multipl
e pdfs with page group included in a single page
> <./fig/still_heating.pdf

pdfTeX warning: pdflatex (file ./fig/still_heating.pdf): PDF inclusion: multipl
e pdfs with page group included in a single page
> <./fig/still_heating.pdf

pdfTeX warning: pdflatex (file ./fig/still_heating.pdf): PDF inclusion: multipl
e pdfs with page group included in a single page
> <./fig/still_heating.pdf

pdfTeX warning: pdflatex (file ./fig/still_heating.pdf): PDF inclusion: multipl
e pdfs with page group included in a single page
> <./fig/still_heating.pdf

pdfTeX warning: pdflatex (file ./fig/still_heating.pdf): PDF inclusion: multipl
e pdfs with page group included in a single page
> <./fig/still_heating.pdf

pdfTeX warning: pdflatex (file ./fig/still_heating.pdf): PDF inclusion: multipl
e pdfs with page group included in a single page
>] [12] (./fig/sensor1_off.pdf_tex
<fig/sensor1_off.pdf, id=284, page=1, 357.50005pt x 92.51248pt>
File: fig/sensor1_off.pdf Graphic file (type pdf)
<use fig/sensor1_off.pdf, page 1>
Package pdftex.def Info: fig/sensor1_off.pdf , page1 used on input line 58.
(pdftex.def)             Requested size: 357.50003pt x 92.51929pt.
) (./fig/tank_valve.pdf_tex
<fig/tank_valve.pdf, id=285, page=1, 222.0364pt x 208.2422pt>
File: fig/tank_valve.pdf Graphic file (type pdf)
<use fig/tank_valve.pdf, page 1>
Package pdftex.def Info: fig/tank_valve.pdf , page1 used on input line 56.
(pdftex.def)             Requested size: 222.03639pt x 208.24486pt.
<fig/tank_valve.pdf, id=286, page=2, 222.0364pt x 208.2422pt>
File: fig/tank_valve.pdf Graphic file (type pdf)
<use fig/tank_valve.pdf, page 2>
Package pdftex.def Info: fig/tank_valve.pdf , page2 used on input line 58.
(pdftex.def)             Requested size: 222.03639pt x 208.24486pt.
)
(./fig/helium_gas_bottle.pdf_tex
<fig/helium_gas_bottle.pdf, id=287, page=1, 365.37158pt x 121.53705pt>
File: fig/helium_gas_bottle.pdf Graphic file (type pdf)
<use fig/helium_gas_bottle.pdf, page 1>
Package pdftex.def Info: fig/helium_gas_bottle.pdf , page1 used on input line 5
6.
(pdftex.def)             Requested size: 365.37157pt x 121.54416pt.
<fig/helium_gas_bottle.pdf, id=288, page=2, 365.37158pt x 121.53705pt>
File: fig/helium_gas_bottle.pdf Graphic file (type pdf)
<use fig/helium_gas_bottle.pdf, page 2>
Package pdftex.def Info: fig/helium_gas_bottle.pdf , page2 used on input line 6
1.
(pdftex.def)             Requested size: 365.37157pt x 121.54416pt.
) [13 <./fig/sensor1_off.pdf> <./fig/tank_valve.pdf

pdfTeX warning: pdflatex (file ./fig/tank_valve.pdf): PDF inclusion: multiple p
dfs with page group included in a single page
> <./fig/tank_valve.pdf

pdfTeX warning: pdflatex (file ./fig/tank_valve.pdf): PDF inclusion: multiple p
dfs with page group included in a single page
>] (./fig/fans.pdf_tex
<fig/fans.pdf, id=318, page=1, 163.36304pt x 134.79056pt>
File: fig/fans.pdf Graphic file (type pdf)
<use fig/fans.pdf, page 1>
Package pdftex.def Info: fig/fans.pdf , page1 used on input line 57.
(pdftex.def)             Requested size: 163.36304pt x 134.79227pt.
) [14 <./fig/helium_gas_bottle.pdf> <./fig/helium_gas_bottle.pdf

pdfTeX warning: pdflatex (file ./fig/helium_gas_bottle.pdf): PDF inclusion: mul
tiple pdfs with page group included in a single page
> <./fig/fans.pdf

pdfTeX warning: pdflatex (file ./fig/fans.pdf): PDF inclusion: multiple pdfs wi
th page group included in a single page
>] (./fig/compressor.pdf_tex
<fig/compressor.pdf, id=351, page=1, 398.3386pt x 227.62204pt>
File: fig/compressor.pdf Graphic file (type pdf)
<use fig/compressor.pdf, page 1>
Package pdftex.def Info: fig/compressor.pdf , page1 used on input line 58.
(pdftex.def)             Requested size: 398.33856pt x 227.63536pt.
<fig/compressor.pdf, id=352, page=2, 398.3386pt x 227.62204pt>
File: fig/compressor.pdf Graphic file (type pdf)
<use fig/compressor.pdf, page 2>
Package pdftex.def Info: fig/compressor.pdf , page2 used on input line 60.
(pdftex.def)             Requested size: 398.33856pt x 227.63536pt.
<fig/compressor.pdf, id=353, page=3, 398.3386pt x 227.62204pt>
File: fig/compressor.pdf Graphic file (type pdf)
<use fig/compressor.pdf, page 3>
Package pdftex.def Info: fig/compressor.pdf , page3 used on input line 63.
(pdftex.def)             Requested size: 398.33856pt x 227.63536pt.
) (./fig/4K_heater_settings.pdf_tex
<fig/4K_heater_settings.pdf, id=354, page=1, 164.15402pt x 158.21832pt>
File: fig/4K_heater_settings.pdf Graphic file (type pdf)
<use fig/4K_heater_settings.pdf, page 1>
Package pdftex.def Info: fig/4K_heater_settings.pdf , page1 used on input line 
56.
(pdftex.def)             Requested size: 164.154pt x 158.23pt.
<fig/4K_heater_settings.pdf, id=355, page=2, 164.15402pt x 158.21832pt>
File: fig/4K_heater_settings.pdf Graphic file (type pdf)
<use fig/4K_heater_settings.pdf, page 2>
Package pdftex.def Info: fig/4K_heater_settings.pdf , page2 used on input line 
58.
(pdftex.def)             Requested size: 164.154pt x 158.23pt.
<fig/4K_heater_settings.pdf, id=356, page=3, 164.15402pt x 158.21832pt>
File: fig/4K_heater_settings.pdf Graphic file (type pdf)
<use fig/4K_heater_settings.pdf, page 3>
Package pdftex.def Info: fig/4K_heater_settings.pdf , page3 used on input line 
60.
(pdftex.def)             Requested size: 164.154pt x 158.23pt.
<fig/4K_heater_settings.pdf, id=357, page=4, 164.15402pt x 158.21832pt>
File: fig/4K_heater_settings.pdf Graphic file (type pdf)
<use fig/4K_heater_settings.pdf, page 4>
Package pdftex.def Info: fig/4K_heater_settings.pdf , page4 used on input line 
62.
(pdftex.def)             Requested size: 164.154pt x 158.23pt.
<fig/4K_heater_settings.pdf, id=358, page=5, 164.15402pt x 158.21832pt>
File: fig/4K_heater_settings.pdf Graphic file (type pdf)
<use fig/4K_heater_settings.pdf, page 5>
Package pdftex.def Info: fig/4K_heater_settings.pdf , page5 used on input line 
65.
(pdftex.def)             Requested size: 164.154pt x 158.23pt.
) [15 <./fig/compressor.pdf> <./fig/compressor.pdf

pdfTeX warning: pdflatex (file ./fig/compressor.pdf): PDF inclusion: multiple p
dfs with page group included in a single page
> <./fig/compressor.pdf

pdfTeX warning: pdflatex (file ./fig/compressor.pdf): PDF inclusion: multiple p
dfs with page group included in a single page
> <./fig/4K_heater_settings.pdf

pdfTeX warning: pdflatex (file ./fig/4K_heater_settings.pdf): PDF inclusion: mu
ltiple pdfs with page group included in a single page
> <./fig/4K_heater_settings.pdf

pdfTeX warning: pdflatex (file ./fig/4K_heater_settings.pdf): PDF inclusion: mu
ltiple pdfs with page group included in a single page
> <./fig/4K_heater_settings.pdf

pdfTeX warning: pdflatex (file ./fig/4K_heater_settings.pdf): PDF inclusion: mu
ltiple pdfs with page group included in a single page
> <./fig/4K_heater_settings.pdf

pdfTeX warning: pdflatex (file ./fig/4K_heater_settings.pdf): PDF inclusion: mu
ltiple pdfs with page group included in a single page
> <./fig/4K_heater_settings.pdf

pdfTeX warning: pdflatex (file ./fig/4K_heater_settings.pdf): PDF inclusion: mu
ltiple pdfs with page group included in a single page
>] [16] [17] (./fig/vent_kf.pdf_tex
<fig/vent_kf.pdf, id=417, page=1, 168.2052pt x 109.07428pt>
File: fig/vent_kf.pdf Graphic file (type pdf)
<use fig/vent_kf.pdf, page 1>
Package pdftex.def Info: fig/vent_kf.pdf , page1 used on input line 56.
(pdftex.def)             Requested size: 168.20518pt x 109.07399pt.
<fig/vent_kf.pdf, id=418, page=2, 168.2052pt x 109.07428pt>
File: fig/vent_kf.pdf Graphic file (type pdf)
<use fig/vent_kf.pdf, page 2>
Package pdftex.def Info: fig/vent_kf.pdf , page2 used on input line 58.
(pdftex.def)             Requested size: 168.20518pt x 109.07399pt.
) [18 <./fig/vent_kf.pdf> <./fig/vent_kf.pdf

pdfTeX warning: pdflatex (file ./fig/vent_kf.pdf): PDF inclusion: multiple pdfs
 with page group included in a single page
>] [19]
<fig/pagani_performance.pdf, id=442, 505.89pt x 433.62pt>
File: fig/pagani_performance.pdf Graphic file (type pdf)
<use fig/pagani_performance.pdf>
Package pdftex.def Info: fig/pagani_performance.pdf  used on input line 805.
(pdftex.def)             Requested size: 505.88875pt x 433.61894pt.

Overfull \hbox (5.40475pt too wide) in paragraph at lines 804--811
 [] 
 []

<fig/lamb_performance.pdf, id=443, 505.89pt x 433.62pt>
File: fig/lamb_performance.pdf Graphic file (type pdf)
<use fig/lamb_performance.pdf>
Package pdftex.def Info: fig/lamb_performance.pdf  used on input line 816.
(pdftex.def)             Requested size: 505.88875pt x 433.61894pt.

Overfull \hbox (5.40475pt too wide) in paragraph at lines 815--822
 [] 
 []


LaTeX Warning: `h' float specifier changed to `ht'.

[20 <./fig/pagani_performance.pdf>] [21 <./fig/lamb_performance.pdf>]
(./fig/fridge_layout.pdf_tex
<fig/fridge_layout.pdf, id=568, page=1, 318.1201pt x 262.3168pt>
File: fig/fridge_layout.pdf Graphic file (type pdf)
<use fig/fridge_layout.pdf, page 1>
Package pdftex.def Info: fig/fridge_layout.pdf , page1 used on input line 56.
(pdftex.def)             Requested size: 318.1201pt x 262.33615pt.
<fig/fridge_layout.pdf, id=569, page=2, 318.1201pt x 262.3168pt>
File: fig/fridge_layout.pdf Graphic file (type pdf)
<use fig/fridge_layout.pdf, page 2>
Package pdftex.def Info: fig/fridge_layout.pdf , page2 used on input line 62.
(pdftex.def)             Requested size: 318.1201pt x 262.33615pt.
<fig/fridge_layout.pdf, id=570, page=3, 318.1201pt x 262.3168pt>
File: fig/fridge_layout.pdf Graphic file (type pdf)
<use fig/fridge_layout.pdf, page 3>
Package pdftex.def Info: fig/fridge_layout.pdf , page3 used on input line 65.
(pdftex.def)             Requested size: 318.1201pt x 262.33615pt.
<fig/fridge_layout.pdf, id=571, page=4, 318.1201pt x 262.3168pt>
File: fig/fridge_layout.pdf Graphic file (type pdf)
<use fig/fridge_layout.pdf, page 4>
Package pdftex.def Info: fig/fridge_layout.pdf , page4 used on input line 68.
(pdftex.def)             Requested size: 318.1201pt x 262.33615pt.
<fig/fridge_layout.pdf, id=572, page=5, 318.1201pt x 262.3168pt>
File: fig/fridge_layout.pdf Graphic file (type pdf)
<use fig/fridge_layout.pdf, page 5>
Package pdftex.def Info: fig/fridge_layout.pdf , page5 used on input line 70.
(pdftex.def)             Requested size: 318.1201pt x 262.33615pt.
<fig/fridge_layout.pdf, id=573, page=6, 318.1201pt x 262.3168pt>
File: fig/fridge_layout.pdf Graphic file (type pdf)
<use fig/fridge_layout.pdf, page 6>
Package pdftex.def Info: fig/fridge_layout.pdf , page6 used on input line 72.
(pdftex.def)             Requested size: 318.1201pt x 262.33615pt.
<fig/fridge_layout.pdf, id=574, page=7, 318.1201pt x 262.3168pt>
File: fig/fridge_layout.pdf Graphic file (type pdf)
<use fig/fridge_layout.pdf, page 7>
Package pdftex.def Info: fig/fridge_layout.pdf , page7 used on input line 74.
(pdftex.def)             Requested size: 318.1201pt x 262.33615pt.
<fig/fridge_layout.pdf, id=575, page=8, 318.1201pt x 262.3168pt>
File: fig/fridge_layout.pdf Graphic file (type pdf)
<use fig/fridge_layout.pdf, page 8>
Package pdftex.def Info: fig/fridge_layout.pdf , page8 used on input line 76.
(pdftex.def)             Requested size: 318.1201pt x 262.33615pt.
<fig/fridge_layout.pdf, id=576, page=9, 318.1201pt x 262.3168pt>
File: fig/fridge_layout.pdf Graphic file (type pdf)
<use fig/fridge_layout.pdf, page 9>
Package pdftex.def Info: fig/fridge_layout.pdf , page9 used on input line 80.
(pdftex.def)             Requested size: 318.1201pt x 262.33615pt.
)
<fig/blu_fors_ghs.pdf, id=577, 454.27263pt x 304.4654pt>
File: fig/blu_fors_ghs.pdf Graphic file (type pdf)
<use fig/blu_fors_ghs.pdf>
Package pdftex.def Info: fig/blu_fors_ghs.pdf  used on input line 841.
(pdftex.def)             Requested size: 454.27151pt x 304.46463pt.
 [22

 <./fig/fridge_layout.pdf> <./fig/fridge_layout.pdf

pdfTeX warning: pdflatex (file ./fig/fridge_layout.pdf): PDF inclusion: multipl
e pdfs with page group included in a single page
> <./fig/fridge_layout.pdf

pdfTeX warning: pdflatex (file ./fig/fridge_layout.pdf): PDF inclusion: multipl
e pdfs with page group included in a single page
> <./fig/fridge_layout.pdf

pdfTeX warning: pdflatex (file ./fig/fridge_layout.pdf): PDF inclusion: multipl
e pdfs with page group included in a single page
> <./fig/fridge_layout.pdf

pdfTeX warning: pdflatex (file ./fig/fridge_layout.pdf): PDF inclusion: multipl
e pdfs with page group included in a single page
> <./fig/fridge_layout.pdf

pdfTeX warning: pdflatex (file ./fig/fridge_layout.pdf): PDF inclusion: multipl
e pdfs with page group included in a single page
> <./fig/fridge_layout.pdf

pdfTeX warning: pdflatex (file ./fig/fridge_layout.pdf): PDF inclusion: multipl
e pdfs with page group included in a single page
> <./fig/fridge_layout.pdf

pdfTeX warning: pdflatex (file ./fig/fridge_layout.pdf): PDF inclusion: multipl
e pdfs with page group included in a single page
> <./fig/fridge_layout.pdf

pdfTeX warning: pdflatex (file ./fig/fridge_layout.pdf): PDF inclusion: multipl
e pdfs with page group included in a single page
>] [23 <./fig/blu_fors_ghs.pdf>]
<fig/Trap_sheet.pdf, id=596, 597.50786pt x 845.04686pt>
File: fig/Trap_sheet.pdf Graphic file (type pdf)
<use fig/Trap_sheet.pdf>
Package pdftex.def Info: fig/Trap_sheet.pdf  used on input line 852.
(pdftex.def)             Requested size: 597.5064pt x 845.0448pt.
File: fig/Trap_sheet.pdf Graphic file (type pdf)
<use fig/Trap_sheet.pdf>
Package pdftex.def Info: fig/Trap_sheet.pdf  used on input line 852.
(pdftex.def)             Requested size: 597.5064pt x 845.0448pt.
<fig/Trap_sheet.pdf, id=599, page=1, 597.50786pt x 845.04686pt>
File: fig/Trap_sheet.pdf Graphic file (type pdf)
<use fig/Trap_sheet.pdf, page 1>
Package pdftex.def Info: fig/Trap_sheet.pdf , page1 used on input line 852.
(pdftex.def)             Requested size: 597.5064pt x 845.0448pt.
File: fig/Trap_sheet.pdf Graphic file (type pdf)
<use fig/Trap_sheet.pdf, page 1>
Package pdftex.def Info: fig/Trap_sheet.pdf , page1 used on input line 852.
(pdftex.def)             Requested size: 562.12244pt x 795.00179pt.
 [24

]
File: fig/Trap_sheet.pdf Graphic file (type pdf)
<use fig/Trap_sheet.pdf, page 1>
Package pdftex.def Info: fig/Trap_sheet.pdf , page1 used on input line 852.
(pdftex.def)             Requested size: 562.12244pt x 795.00179pt.
File: fig/Trap_sheet.pdf Graphic file (type pdf)
<use fig/Trap_sheet.pdf, page 1>
Package pdftex.def Info: fig/Trap_sheet.pdf , page1 used on input line 852.
(pdftex.def)             Requested size: 562.12244pt x 795.00179pt.
File: fig/Trap_sheet.pdf Graphic file (type pdf)
<use fig/Trap_sheet.pdf, page 1>
Package pdftex.def Info: fig/Trap_sheet.pdf , page1 used on input line 852.
(pdftex.def)             Requested size: 562.12244pt x 795.00179pt.
 [25 <./fig/Trap_sheet.pdf>]
Package atveryend Info: Empty hook `BeforeClearDocument' on input line 856.
Package atveryend Info: Empty hook `AfterLastShipout' on input line 856.
 (./main.aux)
Package atveryend Info: Executing hook `AtVeryEndDocument' on input line 856.
Package atveryend Info: Executing hook `AtEndAfterFileList' on input line 856.
Package rerunfilecheck Info: File `main.out' has not changed.
(rerunfilecheck)             Checksum: E6FA5099A7AEB44909B5095457B99587;3493.


LaTeX Font Warning: Size substitutions with differences
(Font)              up to 0.5pt have occurred.

Package atveryend Info: Empty hook `AtVeryVeryEnd' on input line 856.
 ) 
Here is how much of TeX's memory you used:
 24294 strings out of 492982
 437053 string characters out of 6134895
 472006 words of memory out of 5000000
 27392 multiletter control sequences out of 15000+600000
 845114 words of font info for 118 fonts, out of 8000000 for 9000
 1141 hyphenation exceptions out of 8191
 38i,18n,48p,10376b,964s stack positions out of 5000i,500n,10000p,200000b,80000s
{/usr/share/texmf/fonts/enc/dvips/cm-super/cm-super-t1.enc}{/usr/share/texliv
e/texmf-dist/fonts/enc/dvips/base/8r.enc}{/usr/share/texlive/texmf-dist/fonts/e
nc/dvips/fira/fir_7gpamp.enc}{/usr/share/texlive/texmf-dist/fonts/enc/dvips/fir
a/fir_765q6w.enc}{/usr/share/texlive/texmf-dist/fonts/enc/dvips/fira/fir_junpg2
.enc}</usr/share/texlive/texmf-dist/fonts/type1/public/fira/FiraSans-Bold.pfb><
/usr/share/texlive/texmf-dist/fonts/type1/public/fira/FiraSans-Italic.pfb></usr
/share/texlive/texmf-dist/fonts/type1/public/fira/FiraSans-Regular.pfb></usr/sh
are/texlive/texmf-dist/fonts/type1/public/txfonts/rtxmi.pfb></usr/share/texmf/f
onts/type1/public/cm-super/sftt0800.pfb></usr/share/texmf/fonts/type1/public/cm
-super/sftt1000.pfb></usr/share/texlive/texmf-dist/fonts/type1/public/newtx/txs
ys.pfb></usr/share/texlive/texmf-dist/fonts/type1/urw/zapfchan/uzcmi8a.pfb></us
r/share/texlive/texmf-dist/fonts/type1/public/newtxsf/zsfmi-reg.pfb></usr/share
/texlive/texmf-dist/fonts/type1/public/newtxsf/zsfmia-reg.pfb>
Output written on main.pdf (25 pages, 1304348 bytes).
PDF statistics:
 689 PDF objects out of 1000 (max. 8388607)
 477 compressed objects within 5 object streams
 172 named destinations out of 1000 (max. 500000)
 483 words of extra memory for PDF output out of 10000 (max. 10000000)

